<?xml version="1.0" encoding="UTF-8"?>
<!-- Generated by org.testng.reporters.JUnitReportReporter -->
<testsuite hostname="vedant" failures="0" tests="1" name="com.wadia.qa.testcases.InvestorDetailsPageTestCases" time="1.112" errors="0" timestamp="2024-04-09T16:37:44 IST" skipped="0">
  <testcase classname="com.wadia.qa.testcases.InvestorDetailsPageTestCases" name="testInvestmentDetails" time="1.112"/>
</testsuite> <!-- com.wadia.qa.testcases.InvestorDetailsPageTestCases -->
