<?xml version="1.0" encoding="UTF-8"?>
<!-- Generated by org.testng.reporters.JUnitReportReporter -->
<testsuite hostname="DESKTOP-T2I88J5" failures="0" tests="1" name="com.wadia.qa.testcases.LoginAttemptsTestCases" time="59.597" errors="0" timestamp="2024-05-30T16:16:46 IST" skipped="0">
  <testcase classname="com.wadia.qa.testcases.LoginAttemptsTestCases" name="verifyLoginAttempts" time="59.597"/>
  <system-out/>
</testsuite> <!-- com.wadia.qa.testcases.LoginAttemptsTestCases -->
