<?xml version="1.0" encoding="UTF-8"?>
<!-- Generated by org.testng.reporters.JUnitReportReporter -->
<testsuite hostname="vedant" failures="0" tests="1" name="com.wadia.qa.testcases.SignUpTestCases" time="2.636" errors="0" timestamp="2024-04-10T10:42:39 IST" skipped="0">
  <testcase classname="com.wadia.qa.testcases.SignUpTestCases" name="TestInvestorSignUpPage" time="2.636"/>
</testsuite> <!-- com.wadia.qa.testcases.SignUpTestCases -->
