<?xml version="1.0" encoding="UTF-8"?>
<!-- Generated by org.testng.reporters.JUnitReportReporter -->
<testsuite hostname="vedant" failures="0" tests="7" name="com.wadia.qa.testcases.wadiaRiskAssessmentTestCases" time="8.479" errors="0" timestamp="2024-03-02T14:22:18 IST" skipped="0">
  <testcase classname="com.wadia.qa.testcases.wadiaRiskAssessmentTestCases" name="verifyAdminLoginpage" time="0.524"/>
  <testcase classname="com.wadia.qa.testcases.wadiaRiskAssessmentTestCases" name="verifyLoanManagement" time="1.149"/>
  <testcase classname="com.wadia.qa.testcases.wadiaRiskAssessmentTestCases" name="verifyParticularLoan" time="1.078"/>
  <testcase classname="com.wadia.qa.testcases.wadiaRiskAssessmentTestCases" name="verifyRiskAssessmentTab" time="2.724"/>
  <testcase classname="com.wadia.qa.testcases.wadiaRiskAssessmentTestCases" name="verifyRiskAssesment" time="2.608"/>
  <testcase classname="com.wadia.qa.testcases.wadiaRiskAssessmentTestCases" name="verifyTestButton" time="0.073"/>
  <testcase classname="com.wadia.qa.testcases.wadiaRiskAssessmentTestCases" name="verifyAssessmentResult" time="0.323"/>
</testsuite> <!-- com.wadia.qa.testcases.wadiaRiskAssessmentTestCases -->
