<?xml version="1.0" encoding="UTF-8"?>
<!-- Generated by org.testng.reporters.JUnitReportReporter -->
<testsuite hostname="DESKTOP-T2I88J5" failures="0" tests="1" name="com.wadia.qa.testcases.LoginPageTestCases" time="0.489" errors="0" timestamp="2024-05-04T16:47:26 IST" skipped="0">
  <testcase classname="com.wadia.qa.testcases.LoginPageTestCases" name="TestInvesterLoginPage" time="0.489"/>
  <system-out/>
</testsuite> <!-- com.wadia.qa.testcases.LoginPageTestCases -->
